  CChekChannels.cpp
C:\Users\Student\source\FullChek\CChekChannels.cpp(188,25): warning C4018: >: несоответствие типов со знаком и без знака
C:\Users\Student\source\FullChek\CChekChannels.cpp(188,86): warning C4018: <: несоответствие типов со знаком и без знака
  COutputChannel.cpp
  CSettingsChannel.cpp
  main.cpp
C:\Users\Student\source\FullChek\main.cpp(8,18): warning C4838: Преобразование из "int" в "char" требует сужающего преобразования.
C:\Users\Student\source\FullChek\main.cpp(8,64): warning C4305: инициализация: усечение из "int" в "char"
C:\Users\Student\source\FullChek\main.cpp(8,18): warning C4309: инициализация: усечение константного значения
C:\Users\Student\source\FullChek\main.cpp(8,24): warning C4838: Преобразование из "int" в "char" требует сужающего преобразования.
C:\Users\Student\source\FullChek\main.cpp(8,24): warning C4309: инициализация: усечение константного значения
C:\Users\Student\source\FullChek\main.cpp(8,30): warning C4838: Преобразование из "int" в "char" требует сужающего преобразования.
C:\Users\Student\source\FullChek\main.cpp(8,30): warning C4309: инициализация: усечение константного значения
C:\Users\Student\source\FullChek\main.cpp(8,36): warning C4838: Преобразование из "int" в "char" требует сужающего преобразования.
C:\Users\Student\source\FullChek\main.cpp(8,36): warning C4309: инициализация: усечение константного значения
C:\Users\Student\source\FullChek\main.cpp(8,42): warning C4838: Преобразование из "int" в "char" требует сужающего преобразования.
C:\Users\Student\source\FullChek\main.cpp(8,42): warning C4309: инициализация: усечение константного значения
C:\Users\Student\source\FullChek\main.cpp(8,48): warning C4838: Преобразование из "int" в "char" требует сужающего преобразования.
C:\Users\Student\source\FullChek\main.cpp(8,48): warning C4309: инициализация: усечение константного значения
C:\Users\Student\source\FullChek\main.cpp(8,54): warning C4838: Преобразование из "int" в "char" требует сужающего преобразования.
C:\Users\Student\source\FullChek\main.cpp(8,54): warning C4309: инициализация: усечение константного значения
C:\Users\Student\source\FullChek\main.cpp(8,60): warning C4838: Преобразование из "int" в "char" требует сужающего преобразования.
C:\Users\Student\source\FullChek\main.cpp(8,60): warning C4309: инициализация: усечение константного значения
  Создание кода...
  FullChek.vcxproj -> C:\Users\Student\source\FullChek\x64\Debug\FullChek.exe
