c:\program files\infowatch\devicemonitor\client\logs\print\printlogverbose_[cl.exe__2304__2023.8.30_14.31.47].txt
c:\program files\infowatch\devicemonitor\client\logs\detours\hookapidetourslogverbose_[cl.exe__2304__2023.8.30_14.31.47].txt
c:\program files\infowatch\devicemonitor\client\logs\clipboard\clipboardmonitorlogverbose_[cl.exe__2304__2023.8.30_14.31.47].txt
c:\program files\infowatch\devicemonitor\client\logs\copymove\copymovelogverbose_[cl.exe__2304__2023.8.30_14.31.47].txt
c:\program files\infowatch\devicemonitor\client\logs\mtp\mtplogverbose_[cl.exe_2304__2023.8.30_14.31.47].txt
c:\program files\infowatch\devicemonitor\client\logs\soundcapture\soundcapturelogverbose_[cl.exe__2304__2023.8.30_14.31.47].txt
c:\users\student\source\fullchek\x64\debug\vc142.pdb
c:\users\student\source\fullchek\x64\debug\vc142.idb
c:\users\student\source\fullchek\x64\debug\main.obj
c:\users\student\source\fullchek\x64\debug\csettingschannel.obj
c:\users\student\source\fullchek\x64\debug\coutputchannel.obj
c:\users\student\source\fullchek\x64\debug\cchekchannels.obj
c:\program files\infowatch\devicemonitor\client\logs\print\printlogverbose_[cl.exe__11612__2023.8.30_16.15.24].txt
c:\program files\infowatch\devicemonitor\client\logs\detours\hookapidetourslogverbose_[cl.exe__11612__2023.8.30_16.15.24].txt
c:\program files\infowatch\devicemonitor\client\logs\clipboard\clipboardmonitorlogverbose_[cl.exe__11612__2023.8.30_16.15.24].txt
c:\program files\infowatch\devicemonitor\client\logs\copymove\copymovelogverbose_[cl.exe__11612__2023.8.30_16.15.24].txt
c:\program files\infowatch\devicemonitor\client\logs\mtp\mtplogverbose_[cl.exe_11612__2023.8.30_16.15.24].txt
c:\program files\infowatch\devicemonitor\client\logs\soundcapture\soundcapturelogverbose_[cl.exe__11612__2023.8.30_16.15.24].txt
c:\users\student\source\fullchek\x64\debug\ckit.obj
c:\program files\infowatch\devicemonitor\client\logs\print\printlogverbose_[cl.exe__16556__2023.8.30_16.53.2].txt
c:\program files\infowatch\devicemonitor\client\logs\detours\hookapidetourslogverbose_[cl.exe__16556__2023.8.30_16.53.2].txt
c:\program files\infowatch\devicemonitor\client\logs\clipboard\clipboardmonitorlogverbose_[cl.exe__16556__2023.8.30_16.53.2].txt
c:\program files\infowatch\devicemonitor\client\logs\copymove\copymovelogverbose_[cl.exe__16556__2023.8.30_16.53.2].txt
c:\program files\infowatch\devicemonitor\client\logs\mtp\mtplogverbose_[cl.exe_16556__2023.8.30_16.53.2].txt
c:\program files\infowatch\devicemonitor\client\logs\soundcapture\soundcapturelogverbose_[cl.exe__16556__2023.8.30_16.53.2].txt
c:\program files\infowatch\devicemonitor\client\logs\print\printlogverbose_[link.exe__1788__2023.8.30_16.53.4].txt
c:\program files\infowatch\devicemonitor\client\logs\detours\hookapidetourslogverbose_[link.exe__1788__2023.8.30_16.53.4].txt
c:\program files\infowatch\devicemonitor\client\logs\clipboard\clipboardmonitorlogverbose_[link.exe__1788__2023.8.30_16.53.4].txt
c:\program files\infowatch\devicemonitor\client\logs\copymove\copymovelogverbose_[link.exe__1788__2023.8.30_16.53.4].txt
c:\program files\infowatch\devicemonitor\client\logs\mtp\mtplogverbose_[link.exe_1788__2023.8.30_16.53.4].txt
c:\program files\infowatch\devicemonitor\client\logs\soundcapture\soundcapturelogverbose_[link.exe__1788__2023.8.30_16.53.4].txt
c:\users\student\source\fullchek\x64\debug\fullchek.exe
c:\users\student\source\fullchek\x64\debug\fullchek.ilk
c:\program files\infowatch\devicemonitor\client\logs\print\printlogverbose_[cvtres.exe__10112__2023.8.30_16.53.4].txt
c:\program files\infowatch\devicemonitor\client\logs\detours\hookapidetourslogverbose_[cvtres.exe__10112__2023.8.30_16.53.4].txt
c:\program files\infowatch\devicemonitor\client\logs\clipboard\clipboardmonitorlogverbose_[cvtres.exe__10112__2023.8.30_16.53.4].txt
c:\program files\infowatch\devicemonitor\client\logs\copymove\copymovelogverbose_[cvtres.exe__10112__2023.8.30_16.53.4].txt
c:\program files\infowatch\devicemonitor\client\logs\mtp\mtplogverbose_[cvtres.exe_10112__2023.8.30_16.53.4].txt
c:\program files\infowatch\devicemonitor\client\logs\soundcapture\soundcapturelogverbose_[cvtres.exe__10112__2023.8.30_16.53.4].txt
c:\program files\infowatch\devicemonitor\client\logs\print\printlogverbose_[rc.exe__15848__2023.8.30_16.53.4].txt
c:\program files\infowatch\devicemonitor\client\logs\detours\hookapidetourslogverbose_[rc.exe__15848__2023.8.30_16.53.4].txt
c:\program files\infowatch\devicemonitor\client\logs\clipboard\clipboardmonitorlogverbose_[rc.exe__15848__2023.8.30_16.53.4].txt
c:\program files\infowatch\devicemonitor\client\logs\copymove\copymovelogverbose_[rc.exe__15848__2023.8.30_16.53.4].txt
c:\program files\infowatch\devicemonitor\client\logs\mtp\mtplogverbose_[rc.exe_15848__2023.8.30_16.53.4].txt
c:\program files\infowatch\devicemonitor\client\logs\soundcapture\soundcapturelogverbose_[rc.exe__15848__2023.8.30_16.53.4].txt
c:\program files\infowatch\devicemonitor\client\logs\print\printlogverbose_[link.exe__16876__2023.8.30_16.53.4].txt
c:\program files\infowatch\devicemonitor\client\logs\detours\hookapidetourslogverbose_[link.exe__16876__2023.8.30_16.53.4].txt
c:\program files\infowatch\devicemonitor\client\logs\clipboard\clipboardmonitorlogverbose_[link.exe__16876__2023.8.30_16.53.4].txt
c:\program files\infowatch\devicemonitor\client\logs\copymove\copymovelogverbose_[link.exe__16876__2023.8.30_16.53.4].txt
c:\program files\infowatch\devicemonitor\client\logs\mtp\mtplogverbose_[link.exe_16876__2023.8.30_16.53.4].txt
c:\program files\infowatch\devicemonitor\client\logs\soundcapture\soundcapturelogverbose_[link.exe__16876__2023.8.30_16.53.4].txt
c:\users\student\source\fullchek\x64\debug\fullchek.pdb
c:\users\student\source\fullchek\x64\debug\fullchek.tlog\cl.command.1.tlog
c:\users\student\source\fullchek\x64\debug\fullchek.tlog\cl.read.1.tlog
c:\users\student\source\fullchek\x64\debug\fullchek.tlog\cl.write.1.tlog
c:\users\student\source\fullchek\x64\debug\fullchek.tlog\link.command.1.tlog
c:\users\student\source\fullchek\x64\debug\fullchek.tlog\link.read.1.tlog
c:\users\student\source\fullchek\x64\debug\fullchek.tlog\link.write.1.tlog
